42057
10160
11269
30861
178443
10892
121496
53397
1325
9204
229748
8676
18690
17136
27791
33780
38394
21939
4874
91067
145679
27497
52429
167892
45090
22795
130977
31505
25009
6614
9600
40011
11578
102052
67177
4779
153241
2566
8504
2608
35481
81872
100247
13918
32392
56914
152836
104599
45129
60757
122598
1557
122160
18673
45330
56122
4207
962
46248
31798
14137
17864
17499
23156
48218
21579
80880
118412
15381
38129
34605
56800
37156
46693
31519
2388
78419
75478
24744
22252
102501
4130
30153
161138
59434
8673
39817
41630
12445
37904
5063
42321
80480
59079
35856
58925
20304
5631
30281
122955
151894
28060
97632
36946
31739
14261
32710
3370
78115
46381
20899
28813
10012
1976
30840
97482
15003
36088
86664
32617
13950
103716
102822
112407
24260
23596
56757
17860
28405
5868
11808
27095
16664
3303
23006
78727
15787
33057
108214
175724
98153
38151
131906
3159
8636
33423
47689
3838
114074
2697
47949
41131
54910
33459
34564
57894
89631
13437
40797
81183
157354
94637
8719
35658
22006
25929
98884
130185
72973
34203
8146
76148
10897
73781
47558
23077
48491
83662
31266
135766
51521
3148
8300
46022
96517
6057
87101
39078
36414
94228
120034
24102
29983
97734
10476
1180
36482
80751
4812
61543
51944
45153
5912
1177
11201
93285
30216
37752
5507
94770
20964
7765
5191
15216
39967
9206
99572
99143
60508
17837
102958
15306
48037
108882
82567
8852
45755
69181
44092
146500
1628
40170
10754
54732
23828
9592
30069
3367
36346
60993
18157
5073
18947
7762
21898
39882
16330
23246
148592
211490
127601
18897
18474
80856
20828
61944
66289
34901
52252
85319
27185
75321
48512
32391
13806
57509
40894
77944
92447
3176
52360
21201
29061
16162
31505
48183
6627
4450
2421
71383
5252
26289
168178
51548
49214
36467
34927
7704
9218
1562
26059
52977
77620
189810
35838
5533
40870
19149
19931
92716
17627
9597
46129
39432
68893
78487
114119
80280
5094
57834
30695
152754
15347
126163
54880
73668
120352
32371
131266
22049
48170
23063
54094
62280
12705
105782
10106
143044
193817
74851
780
7220
850
59212
4433
9362
18282
17606
45286
35684
33219
10551
5388
35665
56376
186294
72685
8651
82555
120782
24339
97510
1431
128486
7918
2912
26431
133486
134272
20884
100437
150915
45438
943
82517
10759
18626
39363
112319
42772
36675
10473
14575
2092
184821
751
38224
500
27637
48512
92466
46733
59719
3565
8317
74354
28250
32100
1170
21627
66967
18645
53780
23694
4254
6429
81347
21818
26778
46328
7256
23870
78527
23892
43388
128947
9884
62618
28562
9131
1871
1653
77966
66330
9706
10070
10760
5310
23757
123544
60140
46122
6416
51264
138383
139078
46732
39546
116565
16195
114870
36364
27786
111267
41090
11424
40667
11417
3405
29569
50331
23
99885
37534
91205
18085
35566
70703
127842
191660
116071
62838
532
24980
25580
11888
36024
8186
3129
15432
55136
591
3342
69610
40837
20961
30037
108468
19079
26639
80279
21607
34502
108908
4795
